d:\workspace\clipboardaddin\clipboardaddin\release\clipboardaddin.pch
d:\workspace\clipboardaddin\clipboardaddin\release\vc142.pdb
d:\workspace\clipboardaddin\clipboardaddin\release\stdafx.obj
d:\workspace\clipboardaddin\clipboardaddin\release\clipboardaddin.obj
d:\workspace\clipboardaddin\clipboardaddin\release\dllmain.obj
d:\workspace\clipboardaddin\release\clipboardaddin.lib
d:\workspace\clipboardaddin\release\clipboardaddin.exp
d:\workspace\clipboardaddin\release\clipboardaddin.ipdb
d:\workspace\clipboardaddin\release\clipboardaddin.iobj
d:\workspace\clipboardaddin\release\clipboardaddin.dll
d:\workspace\onec_clipboardaddin\clipboardaddin\release\clipboardaddin.obj
d:\workspace\onec_clipboardaddin\clipboardaddin\release\dllmain.obj
d:\workspace\onec_clipboardaddin\clipboardaddin\release\stdafx.obj
d:\workspace\onec_clipboardaddin\clipboardaddin\release\clipboardaddin.pch
d:\workspace\onec_clipboardaddin\clipboardaddin\release\vc142.pdb
d:\workspace\onec_clipboardaddin\release\clipboardaddin.dll
d:\workspace\onec_clipboardaddin\clipboardaddin\release\clipboardaddin.tlog\cl.command.1.tlog
d:\workspace\onec_clipboardaddin\clipboardaddin\release\clipboardaddin.tlog\cl.read.1.tlog
d:\workspace\onec_clipboardaddin\clipboardaddin\release\clipboardaddin.tlog\cl.write.1.tlog
d:\workspace\onec_clipboardaddin\clipboardaddin\release\clipboardaddin.tlog\clipboardaddin.write.1u.tlog
d:\workspace\onec_clipboardaddin\clipboardaddin\release\clipboardaddin.tlog\link.command.1.tlog
d:\workspace\onec_clipboardaddin\clipboardaddin\release\clipboardaddin.tlog\link.read.1.tlog
d:\workspace\onec_clipboardaddin\clipboardaddin\release\clipboardaddin.tlog\link.write.1.tlog
