C:\Program Files (x86)\Microsoft Visual Studio\2019\Community\MSBuild\Microsoft\VC\v160\Microsoft.CppBuild.targets(491,5): warning MSB8028: промежуточный каталог (x64\Release\) содержит файлы, которые используются совместно с другим проектом (RegExpAddIn.vcxproj).  Это может привести к ошибкам очистки и перестроения.
  stdafx.cpp
  dllmain.cpp
  ClipboardAddIn.cpp
d:\workspace\ClipboardAddIn\ClipboardAddIn\ClipboardAddIn.cpp(51,33): warning C4311: приведение типов: усечение указателя из "IComponentBase *" в "long"
d:\workspace\ClipboardAddIn\ClipboardAddIn\ClipboardAddIn.cpp(51,33): warning C4302: приведение типов: усечение из "IComponentBase *" к "long"
d:\workspace\ClipboardAddIn\ClipboardAddIn\ClipboardAddIn.cpp(121,48): warning C4267: инициализация: преобразование из "size_t" в "int"; возможна потеря данных
d:\workspace\ClipboardAddIn\ClipboardAddIn\ClipboardAddIn.cpp(177,44): warning C4267: =: преобразование из "size_t" в "int"; возможна потеря данных
d:\workspace\ClipboardAddIn\ClipboardAddIn\ClipboardAddIn.cpp(195,5): warning C4065: оператор switch содержит метку "default", но не содержит ни одной метки "case"
d:\workspace\ClipboardAddIn\ClipboardAddIn\ClipboardAddIn.cpp(207,5): warning C4065: оператор switch содержит метку "default", но не содержит ни одной метки "case"
d:\workspace\ClipboardAddIn\ClipboardAddIn\ClipboardAddIn.cpp(219,5): warning C4065: оператор switch содержит метку "default", но не содержит ни одной метки "case"
d:\workspace\ClipboardAddIn\ClipboardAddIn\ClipboardAddIn.cpp(231,5): warning C4065: оператор switch содержит метку "default", но не содержит ни одной метки "case"
d:\workspace\ClipboardAddIn\ClipboardAddIn\ClipboardAddIn.cpp(279,44): warning C4267: =: преобразование из "size_t" в "int"; возможна потеря данных
d:\workspace\ClipboardAddIn\ClipboardAddIn\ClipboardAddIn.cpp(468,17): warning C4996: 'strcpy': This function or variable may be unsafe. Consider using strcpy_s instead. To disable deprecation, use _CRT_SECURE_NO_WARNINGS. See online help for details.
d:\workspace\ClipboardAddIn\ClipboardAddIn\ClipboardAddIn.cpp(446,29): warning C4996: '_snprintf': This function or variable may be unsafe. Consider using _snprintf_s instead. To disable deprecation, use _CRT_SECURE_NO_WARNINGS. See online help for details.
d:\workspace\ClipboardAddIn\ClipboardAddIn\ClipboardAddIn.cpp(545,35): warning C4267: =: преобразование из "size_t" в "uint32_t"; возможна потеря данных
d:\workspace\ClipboardAddIn\ClipboardAddIn\ClipboardAddIn.cpp(644,30): warning C4267: инициализация: преобразование из "size_t" в "int"; возможна потеря данных
C:\Program Files (x86)\Microsoft Visual Studio\2019\Community\MSBuild\Microsoft\VC\v160\Microsoft.CppBuild.targets(1341,5): warning MSB8012: TargetPath(D:\workspace\ClipboardAddIn\x64\Release\ClipboardAddIn.dll) не соответствует значению свойства выходного файла (D:\workspace\ClipboardAddIn\x64\Release\ClipboardAddIn64.dll) для Linker. Это может привести к неправильной сборке проекта. Чтобы исправить это, убедитесь, что значения свойств $(OutDir), $(TargetName) и $(TargetExt) соответствуют значению, указанному в %(Link.OutputFile).
C:\Program Files (x86)\Microsoft Visual Studio\2019\Community\MSBuild\Microsoft\VC\v160\Microsoft.CppBuild.targets(1343,5): warning MSB8012: TargetName(ClipboardAddIn) не соответствует значению свойства выходного файла (ClipboardAddIn64) для Linker. Это может привести к неправильной сборке проекта. Чтобы исправить это, убедитесь, что значения свойств $(OutDir), $(TargetName) и $(TargetExt) соответствуют значению, указанному в %(Link.OutputFile).
     Создается библиотека D:\workspace\ClipboardAddIn\x64\Release\ClipboardAddIn.lib и объект D:\workspace\ClipboardAddIn\x64\Release\ClipboardAddIn.exp
ClipboardAddIn.exp : warning LNK4070: директива /OUT:RegExpAddIn.dll в .EXP отличается от имени выходного файла "D:\workspace\ClipboardAddIn\x64\Release\ClipboardAddIn64.dll"; директива игнорируется
  Создание кода
  7 of 60 functions (11.7%) were compiled, the rest were copied from previous compilation.
    0 functions were new in current compilation
    0 functions had inline decision re-evaluated but remain unchanged
  Создание кода завершено
ClipboardAddIn.exp : warning LNK4070: директива /OUT:RegExpAddIn.dll в .EXP отличается от имени выходного файла "D:\workspace\ClipboardAddIn\x64\Release\ClipboardAddIn64.dll"; директива игнорируется
  ClipboardAddIn.vcxproj -> D:\workspace\ClipboardAddIn\x64\Release\ClipboardAddIn.dll
