  stdafx.cpp
  dllmain.cpp
  RegExpAddIn.cpp
D:\workspace\RegExpAddIn\RegExpAddIn\RegExpAddIn.cpp(50,33): warning C4311: приведение типов: усечение указателя из "IComponentBase *" в "long"
D:\workspace\RegExpAddIn\RegExpAddIn\RegExpAddIn.cpp(50,33): warning C4302: приведение типов: усечение из "IComponentBase *" к "long"
D:\workspace\RegExpAddIn\RegExpAddIn\RegExpAddIn.cpp(122,48): warning C4267: инициализация: преобразование из "size_t" в "int"; возможна потеря данных
D:\workspace\RegExpAddIn\RegExpAddIn\RegExpAddIn.cpp(178,44): warning C4267: =: преобразование из "size_t" в "int"; возможна потеря данных
D:\workspace\RegExpAddIn\RegExpAddIn\RegExpAddIn.cpp(289,44): warning C4267: =: преобразование из "size_t" в "int"; возможна потеря данных
D:\workspace\RegExpAddIn\RegExpAddIn\RegExpAddIn.cpp(522,39): warning C4267: =: преобразование из "size_t" в "int32_t"; возможна потеря данных
D:\workspace\RegExpAddIn\RegExpAddIn\RegExpAddIn.cpp(629,17): warning C4996: 'strcpy': This function or variable may be unsafe. Consider using strcpy_s instead. To disable deprecation, use _CRT_SECURE_NO_WARNINGS. See online help for details.
D:\workspace\RegExpAddIn\RegExpAddIn\RegExpAddIn.cpp(607,29): warning C4996: '_snprintf': This function or variable may be unsafe. Consider using _snprintf_s instead. To disable deprecation, use _CRT_SECURE_NO_WARNINGS. See online help for details.
D:\workspace\RegExpAddIn\RegExpAddIn\RegExpAddIn.cpp(718,74): warning C4267: аргумент: преобразование из "size_t" в "unsigned long"; возможна потеря данных
D:\workspace\RegExpAddIn\RegExpAddIn\RegExpAddIn.cpp(721,28): warning C4267: =: преобразование из "size_t" в "uint32_t"; возможна потеря данных
D:\workspace\RegExpAddIn\RegExpAddIn\RegExpAddIn.cpp(728,35): warning C4267: =: преобразование из "size_t" в "uint32_t"; возможна потеря данных
D:\workspace\RegExpAddIn\RegExpAddIn\RegExpAddIn.cpp(827,30): warning C4267: инициализация: преобразование из "size_t" в "int"; возможна потеря данных
C:\Program Files (x86)\Microsoft Visual Studio\2019\Community\MSBuild\Microsoft\VC\v160\Microsoft.CppBuild.targets(1341,5): warning MSB8012: TargetPath(D:\workspace\RegExpAddIn\x64\Release\RegExpAddIn.dll) не соответствует значению свойства выходного файла (D:\workspace\RegExpAddIn\x64\Release\RegExpAddIn64.dll) для Linker. Это может привести к неправильной сборке проекта. Чтобы исправить это, убедитесь, что значения свойств $(OutDir), $(TargetName) и $(TargetExt) соответствуют значению, указанному в %(Link.OutputFile).
C:\Program Files (x86)\Microsoft Visual Studio\2019\Community\MSBuild\Microsoft\VC\v160\Microsoft.CppBuild.targets(1343,5): warning MSB8012: TargetName(RegExpAddIn) не соответствует значению свойства выходного файла (RegExpAddIn64) для Linker. Это может привести к неправильной сборке проекта. Чтобы исправить это, убедитесь, что значения свойств $(OutDir), $(TargetName) и $(TargetExt) соответствуют значению, указанному в %(Link.OutputFile).
     Создается библиотека D:\workspace\RegExpAddIn\x64\Release\RegExpAddIn.lib и объект D:\workspace\RegExpAddIn\x64\Release\RegExpAddIn.exp
RegExpAddIn.exp : warning LNK4070: директива /OUT:RegExpAddIn.dll в .EXP отличается от имени выходного файла "D:\workspace\RegExpAddIn\x64\Release\RegExpAddIn64.dll"; директива игнорируется
  Создание кода
  0 of 1041 functions ( 0.0%) were compiled, the rest were copied from previous compilation.
    0 functions were new in current compilation
    0 functions had inline decision re-evaluated but remain unchanged
  Создание кода завершено
RegExpAddIn.exp : warning LNK4070: директива /OUT:RegExpAddIn.dll в .EXP отличается от имени выходного файла "D:\workspace\RegExpAddIn\x64\Release\RegExpAddIn64.dll"; директива игнорируется
LINK : warning LNK4020: запись типа в "d:\workspace\regexpaddin\regexpaddin\x64\release\vc142.pdb" повреждена; некоторые символы и типы могут быть недоступными из отладчика
  RegExpAddIn.vcxproj -> D:\workspace\RegExpAddIn\x64\Release\RegExpAddIn.dll
